allocation: 0x12e8010
interation: 0
matrix_mul (main): 0x12e8010
0.320833333333333303727386
0.214583333333333320380731
0.143749999999999988897770

build_vector: 0x12e8010
build_vector (main): 0x12e8010
0.320833333333333303727386
0.214583333333333320380731
0.320833333333333303727386
0.143749999999999988897770

norm_result (main): 0x12e8010
norm:	0.15026019
0.320833333333333303727386
0.214583333333333320380731
0.320833333333333303727386
0.143749999999999988897770

interation: 1
matrix_mul (main): 0x12e8010
0.305781250000000004440892
0.214583333333333320380731
0.173854166666666670737484

build_vector: 0x12e8010
build_vector (main): 0x12e8010
0.305781250000000004440892
0.214583333333333320380731
0.305781250000000004440892
0.173854166666666670737484

norm_result (main): 0x12e8010
norm:	0.00000000
0.305781250000000004440892
0.214583333333333320380731
0.305781250000000004440892
0.173854166666666670737484

A 0.30578125
B 0.21458333
C 0.30578125
D 0.17385417
A 0.30791363
B 0.21580945
C 0.30791363
D 0.16836329
